Using pre-set license
Built from '2021.3/staging' branch; Version is '2021.3.6f1 (7da38d85baf6) revision 8233869'; Using compiler version '192829333'; Build Type 'Release'
OS: 'Windows 10  (10.0.19045) 64bit Core' Language: 'el' Physical Memory: 49067 MB
BatchMode: 1, IsHumanControllingUs: 0, StartBugReporterOnCrash: 0, Is64bit: 1, IsPro: 1

COMMAND LINE ARGUMENTS:
C:\Program Files\Unity\Hub\Editor\2021.3.6f1\Editor\Unity.exe
-adb2
-batchMode
-noUpm
-name
AssetImportWorker0
-projectPath
C:/Users/PC/My project
-logFile
Logs/AssetImportWorker0.log
-srvPort
49858
Successfully changed project path to: C:/Users/PC/My project
C:/Users/PC/My project
[UnityMemory] Configuration Parameters - Can be set up in boot.config
    "memorysetup-bucket-allocator-granularity=16"
    "memorysetup-bucket-allocator-bucket-count=8"
    "memorysetup-bucket-allocator-block-size=33554432"
    "memorysetup-bucket-allocator-block-count=8"
    "memorysetup-main-allocator-block-size=16777216"
    "memorysetup-thread-allocator-block-size=16777216"
    "memorysetup-gfx-main-allocator-block-size=16777216"
    "memorysetup-gfx-thread-allocator-block-size=16777216"
    "memorysetup-cache-allocator-block-size=4194304"
    "memorysetup-typetree-allocator-block-size=2097152"
    "memorysetup-profiler-bucket-allocator-granularity=16"
    "memorysetup-profiler-bucket-allocator-bucket-count=8"
    "memorysetup-profiler-bucket-allocator-block-size=33554432"
    "memorysetup-profiler-bucket-allocator-block-count=8"
    "memorysetup-profiler-allocator-block-size=16777216"
    "memorysetup-profiler-editor-allocator-block-size=1048576"
    "memorysetup-temp-allocator-size-main=16777216"
    "memorysetup-job-temp-allocator-block-size=2097152"
    "memorysetup-job-temp-allocator-block-size-background=1048576"
    "memorysetup-job-temp-allocator-reduction-small-platforms=262144"
    "memorysetup-temp-allocator-size-background-worker=32768"
    "memorysetup-temp-allocator-size-job-worker=262144"
    "memorysetup-temp-allocator-size-preload-manager=33554432"
    "memorysetup-temp-allocator-size-nav-mesh-worker=65536"
    "memorysetup-temp-allocator-size-audio-worker=65536"
    "memorysetup-temp-allocator-size-cloud-worker=32768"
    "memorysetup-temp-allocator-size-gi-baking-worker=262144"
    "memorysetup-temp-allocator-size-gfx=262144"
Refreshing native plugins compatible for Editor in 85.15 ms, found 3 plugins.
Preloading 0 native plugins for Editor in 0.00 ms.
Initialize engine version: 2021.3.6f1 (7da38d85baf6)
[Subsystems] Discovering subsystems at path C:/Program Files/Unity/Hub/Editor/2021.3.6f1/Editor/Data/Resources/UnitySubsystems
[Subsystems] Discovering subsystems at path C:/Users/PC/My project/Assets
GfxDevice: creating device client; threaded=0; jobified=0
Direct3D:
    Version:  Direct3D 11.0 [level 11.1]
    Renderer: NVIDIA GeForce RTX 3080 (ID=0x2206)
    Vendor:   NVIDIA
    VRAM:     10067 MB
    Driver:   31.0.15.3141
Initialize mono
Mono path[0] = 'C:/Program Files/Unity/Hub/Editor/2021.3.6f1/Editor/Data/Managed'
Mono path[1] = 'C:/Program Files/Unity/Hub/Editor/2021.3.6f1/Editor/Data/MonoBleedingEdge/lib/mono/unityjit-win32'
Mono config path = 'C:/Program Files/Unity/Hub/Editor/2021.3.6f1/Editor/Data/MonoBleedingEdge/etc'
Using monoOptions --debugger-agent=transport=dt_socket,embedding=1,server=y,suspend=n,address=127.0.0.1:56412
Begin MonoManager ReloadAssembly
Registering precompiled unity dll's ...
Register platform support module: C:/Program Files/Unity/Hub/Editor/2021.3.6f1/Editor/Data/PlaybackEngines/WindowsStandaloneSupport/UnityEditor.WindowsStandalone.Extensions.dll
Registered in 0.007681 seconds.
Native extension for WindowsStandalone target not found
Refreshing native plugins compatible for Editor in 81.12 ms, found 3 plugins.
Preloading 0 native plugins for Editor in 0.00 ms.
Mono: successfully reloaded assembly
- Completed reload, in  0.618 seconds
Domain Reload Profiling:
	ReloadAssembly (618ms)
		BeginReloadAssembly (68ms)
			ExecutionOrderSort (0ms)
			DisableScriptedObjects (0ms)
			BackupInstance (0ms)
			ReleaseScriptingObjects (0ms)
			CreateAndSetChildDomain (1ms)
		EndReloadAssembly (433ms)
			LoadAssemblies (66ms)
			RebuildTransferFunctionScriptingTraits (0ms)
			SetupTypeCache (91ms)
			ReleaseScriptCaches (0ms)
			RebuildScriptCaches (26ms)
			SetupLoadedEditorAssemblies (271ms)
				LogAssemblyErrors (0ms)
				InitializePlatformSupportModulesInManaged (7ms)
				SetLoadedEditorAssemblies (0ms)
				RefreshPlugins (81ms)
				BeforeProcessingInitializeOnLoad (1ms)
				ProcessInitializeOnLoadAttributes (139ms)
				ProcessInitializeOnLoadMethodAttributes (43ms)
				AfterProcessingInitializeOnLoad (0ms)
				EditorAssembliesLoaded (0ms)
			ExecutionOrderSort2 (0ms)
			AwakeInstancesAfterBackupRestoration (0ms)
Platform modules already initialized, skipping
Registering precompiled user dll's ...
Registered in 0.007632 seconds.
Begin MonoManager ReloadAssembly
Symbol file LoadedFromMemory doesn't match image C:\Users\PC\My project\Library\PackageCache\com.unity.visualscripting@1.7.8\Editor\VisualScripting.Core\Dependencies\YamlDotNet\Unity.VisualScripting.YamlDotNet.dll
Symbol file LoadedFromMemory doesn't match image C:\Users\PC\My project\Library\PackageCache\com.unity.visualscripting@1.7.8\Editor\VisualScripting.Core\Dependencies\DotNetZip\Unity.VisualScripting.IonicZip.dll
Native extension for WindowsStandalone target not found
Refreshing native plugins compatible for Editor in 0.52 ms, found 3 plugins.
Preloading 0 native plugins for Editor in 0.00 ms.
Mono: successfully reloaded assembly
- Completed reload, in  1.050 seconds
Domain Reload Profiling:
	ReloadAssembly (1050ms)
		BeginReloadAssembly (110ms)
			ExecutionOrderSort (0ms)
			DisableScriptedObjects (5ms)
			BackupInstance (0ms)
			ReleaseScriptingObjects (0ms)
			CreateAndSetChildDomain (17ms)
		EndReloadAssembly (833ms)
			LoadAssemblies (115ms)
			RebuildTransferFunctionScriptingTraits (0ms)
			SetupTypeCache (251ms)
			ReleaseScriptCaches (1ms)
			RebuildScriptCaches (45ms)
			SetupLoadedEditorAssemblies (397ms)
				LogAssemblyErrors (0ms)
				InitializePlatformSupportModulesInManaged (5ms)
				SetLoadedEditorAssemblies (0ms)
				RefreshPlugins (1ms)
				BeforeProcessingInitializeOnLoad (94ms)
				ProcessInitializeOnLoadAttributes (255ms)
				ProcessInitializeOnLoadMethodAttributes (31ms)
				AfterProcessingInitializeOnLoad (11ms)
				EditorAssembliesLoaded (0ms)
			ExecutionOrderSort2 (0ms)
			AwakeInstancesAfterBackupRestoration (6ms)
Platform modules already initialized, skipping
========================================================================
Worker process is ready to serve import requests
Launched and connected shader compiler UnityShaderCompiler.exe after 0.04 seconds
Refreshing native plugins compatible for Editor in 0.57 ms, found 3 plugins.
Preloading 0 native plugins for Editor in 0.00 ms.
Unloading 3861 Unused Serialized files (Serialized files now loaded: 0)
Unloading 27 unused Assets / (111.4 KB). Loaded Objects now: 4320.
Memory consumption went from 133.1 MB to 133.0 MB.
Total: 3.463200 ms (FindLiveObjects: 0.298400 ms CreateObjectMapping: 0.231100 ms MarkObjects: 2.835700 ms  DeleteObjects: 0.097000 ms)

AssetImportParameters requested are different than current active one (requested -> active):
  custom:video-decoder-ogg-theora: a1e56fd34408186e4bbccfd4996cb3dc -> 
  custom:container-muxer-webm: aa71ff27fc2769a1b78a27578f13a17b -> 
  custom:container-demuxer-webm: 4f35f7cbe854078d1ac9338744f61a02 -> 
  custom:video-encoder-webm-vp8: eb34c28f22e8b96e1ab97ce403110664 -> 
  custom:audio-encoder-webm-vorbis: bf7c407c2cedff20999df2af8eb42d56 -> 
  custom:framework-win-MediaFoundation: 216162199b28c13a410421893ffa2e32 -> 
  custom:container-demuxer-ogg: 62fdf1f143b41e24485cea50d1cbac27 -> 
  custom:video-decoder-webm-vp8: 9c59270c3fd7afecdb556c50c9e8de78 -> 
  custom:audio-decoder-ogg-vorbis: bf7c407c2cedff20999df2af8eb42d56 -> 
========================================================================
Received Import Request.
  Time since last request: 1345388.107594 seconds.
  path: Assets/Models/OBJ_Insulin_Bottle.asset
  artifactKey: Guid(68c2682799d5817469010ce5eea6c662) Importer(815301076,1909f56bfc062723c751e8b465ee728b)
Start importing Assets/Models/OBJ_Insulin_Bottle.asset using Guid(68c2682799d5817469010ce5eea6c662) Importer(815301076,1909f56bfc062723c751e8b465ee728b)  -> (artifact id: 'af0db8e6a6cd85917058464715b8b916') in 0.101501 seconds 
========================================================================
Received Import Request.
  Time since last request: 5.392750 seconds.
  path: Assets/Prefabs/GEAR_SyringeEmpty.prefab
  artifactKey: Guid(7ed14ef8661c41f4496da8b7fce0bee2) Importer(815301076,1909f56bfc062723c751e8b465ee728b)
Start importing Assets/Prefabs/GEAR_SyringeEmpty.prefab using Guid(7ed14ef8661c41f4496da8b7fce0bee2) Importer(815301076,1909f56bfc062723c751e8b465ee728b)  -> (artifact id: 'efd8cf831a4e5085a4da68593b504900') in 0.031169 seconds 
========================================================================
Received Import Request.
  Time since last request: 13.361586 seconds.
  path: Assets/Models/Material
  artifactKey: Guid(b8a613f97b6aa13418f3f1ceb842bf0f) Importer(815301076,1909f56bfc062723c751e8b465ee728b)
Start importing Assets/Models/Material using Guid(b8a613f97b6aa13418f3f1ceb842bf0f) Importer(815301076,1909f56bfc062723c751e8b465ee728b)  -> (artifact id: 'f35f6f5b6735ab551bb27ec6dadf07ce') in 0.003548 seconds 
========================================================================
Received Import Request.
  Time since last request: 3.915049 seconds.
  path: Assets/Models/Material/OBJ_Medicine_Bottle.mat
  artifactKey: Guid(004ecc9521d97174f9c56f2fe8ea9986) Importer(815301076,1909f56bfc062723c751e8b465ee728b)
Start importing Assets/Models/Material/OBJ_Medicine_Bottle.mat using Guid(004ecc9521d97174f9c56f2fe8ea9986) Importer(815301076,1909f56bfc062723c751e8b465ee728b)  -> (artifact id: '74d3ab365a43f6df50eb23dc97701bfc') in 0.027539 seconds 
========================================================================
Received Import Request.
  Time since last request: 7.056817 seconds.
  path: Assets/Models/Texture
  artifactKey: Guid(7c6c300fa963b144683c2932aa1d62d8) Importer(815301076,1909f56bfc062723c751e8b465ee728b)
Start importing Assets/Models/Texture using Guid(7c6c300fa963b144683c2932aa1d62d8) Importer(815301076,1909f56bfc062723c751e8b465ee728b)  -> (artifact id: '05ba4f563902430d79d054d6a8bbdde2') in 0.003427 seconds 
========================================================================
Received Import Request.
  Time since last request: 9.691187 seconds.
  path: Assets/Models/Texture/OBJ_Medicine_Bottle.png
  artifactKey: Guid(fdcae95b0fc330f41b2e34da34c1f59a) Importer(815301076,1909f56bfc062723c751e8b465ee728b)
Start importing Assets/Models/Texture/OBJ_Medicine_Bottle.png using Guid(fdcae95b0fc330f41b2e34da34c1f59a) Importer(815301076,1909f56bfc062723c751e8b465ee728b)  -> (artifact id: '9c8185a6474084f53d54b727f55eb9db') in 0.050980 seconds 
========================================================================
Received Import Request.
  Time since last request: 5.999850 seconds.
  path: Assets/InventoryGridIcons/ico_GearItem__SyringeEmpty.png
  artifactKey: Guid(37a7455b41ec62e458c4e208b0992b6f) Importer(815301076,1909f56bfc062723c751e8b465ee728b)
Start importing Assets/InventoryGridIcons/ico_GearItem__SyringeEmpty.png using Guid(37a7455b41ec62e458c4e208b0992b6f) Importer(815301076,1909f56bfc062723c751e8b465ee728b)  -> (artifact id: '684e8265fe8e55a59c444503e3cfe3fb') in 0.026870 seconds 
========================================================================
Received Import Request.
  Time since last request: 56.776241 seconds.
  path: Assets/Prefabs/GEAR_SyringeFull.prefab
  artifactKey: Guid(300057eeaeadd2b498423ebd76b66868) Importer(815301076,1909f56bfc062723c751e8b465ee728b)
Start importing Assets/Prefabs/GEAR_SyringeFull.prefab using Guid(300057eeaeadd2b498423ebd76b66868) Importer(815301076,1909f56bfc062723c751e8b465ee728b)  -> (artifact id: '0b8b48994b07be52417ce67353990f01') in 0.012146 seconds 
========================================================================
Received Import Request.
  Time since last request: 2.966802 seconds.
  path: Assets/Prefabs/GEAR_SyringeFull.prefab
  artifactKey: Guid(300057eeaeadd2b498423ebd76b66868) Importer(815301076,1909f56bfc062723c751e8b465ee728b)
Start importing Assets/Prefabs/GEAR_SyringeFull.prefab using Guid(300057eeaeadd2b498423ebd76b66868) Importer(815301076,1909f56bfc062723c751e8b465ee728b)  -> (artifact id: '326432ebc7cf2220ecd73afc95ae2794') in 0.011062 seconds 
========================================================================
Received Import Request.
  Time since last request: 3.612848 seconds.
  path: Assets/Prefabs/GEAR_SyringeFull.prefab
  artifactKey: Guid(300057eeaeadd2b498423ebd76b66868) Importer(815301076,1909f56bfc062723c751e8b465ee728b)
Start importing Assets/Prefabs/GEAR_SyringeFull.prefab using Guid(300057eeaeadd2b498423ebd76b66868) Importer(815301076,1909f56bfc062723c751e8b465ee728b)  -> (artifact id: '3a5660d0b5f5c9ecd06bd6ac8e8d4c94') in 0.012083 seconds 
========================================================================
Received Import Request.
  Time since last request: 11.630897 seconds.
  path: Assets/Prefabs/GEAR_SyringeFull.prefab
  artifactKey: Guid(300057eeaeadd2b498423ebd76b66868) Importer(815301076,1909f56bfc062723c751e8b465ee728b)
Start importing Assets/Prefabs/GEAR_SyringeFull.prefab using Guid(300057eeaeadd2b498423ebd76b66868) Importer(815301076,1909f56bfc062723c751e8b465ee728b)  -> (artifact id: 'bd5b20a714f53ecf293e89612f90e244') in 0.010667 seconds 
========================================================================
Received Import Request.
  Time since last request: 3.602773 seconds.
  path: Assets/Prefabs/GEAR_SyringeFull.prefab
  artifactKey: Guid(300057eeaeadd2b498423ebd76b66868) Importer(815301076,1909f56bfc062723c751e8b465ee728b)
Start importing Assets/Prefabs/GEAR_SyringeFull.prefab using Guid(300057eeaeadd2b498423ebd76b66868) Importer(815301076,1909f56bfc062723c751e8b465ee728b)  -> (artifact id: '7845f52511d374f73429f0cf35e22730') in 0.011386 seconds 
========================================================================
Received Import Request.
  Time since last request: 28.620203 seconds.
  path: Assets/Prefabs/GEAR_SyringeEmpty.prefab
  artifactKey: Guid(7ed14ef8661c41f4496da8b7fce0bee2) Importer(815301076,1909f56bfc062723c751e8b465ee728b)
Start importing Assets/Prefabs/GEAR_SyringeEmpty.prefab using Guid(7ed14ef8661c41f4496da8b7fce0bee2) Importer(815301076,1909f56bfc062723c751e8b465ee728b)  -> (artifact id: '42af9e989e8e73030a042d956b4a94a0') in 0.011573 seconds 
========================================================================
Received Import Request.
  Time since last request: 2.991085 seconds.
  path: Assets/Prefabs/GEAR_SyringeEmpty.prefab
  artifactKey: Guid(7ed14ef8661c41f4496da8b7fce0bee2) Importer(815301076,1909f56bfc062723c751e8b465ee728b)
Start importing Assets/Prefabs/GEAR_SyringeEmpty.prefab using Guid(7ed14ef8661c41f4496da8b7fce0bee2) Importer(815301076,1909f56bfc062723c751e8b465ee728b)  -> (artifact id: 'f09a40b1437ab4499aaa0d7e162e35f0') in 0.010322 seconds 
========================================================================
Received Import Request.
  Time since last request: 1.595494 seconds.
  path: Assets/Prefabs/GEAR_SyringeEmpty.prefab
  artifactKey: Guid(7ed14ef8661c41f4496da8b7fce0bee2) Importer(815301076,1909f56bfc062723c751e8b465ee728b)
Start importing Assets/Prefabs/GEAR_SyringeEmpty.prefab using Guid(7ed14ef8661c41f4496da8b7fce0bee2) Importer(815301076,1909f56bfc062723c751e8b465ee728b)  -> (artifact id: '1dc2d38d7cd06417a9a620521310ada3') in 0.010714 seconds 
========================================================================
Received Import Request.
  Time since last request: 3.010543 seconds.
  path: Assets/Prefabs/GEAR_SyringeEmpty.prefab
  artifactKey: Guid(7ed14ef8661c41f4496da8b7fce0bee2) Importer(815301076,1909f56bfc062723c751e8b465ee728b)
Start importing Assets/Prefabs/GEAR_SyringeEmpty.prefab using Guid(7ed14ef8661c41f4496da8b7fce0bee2) Importer(815301076,1909f56bfc062723c751e8b465ee728b)  -> (artifact id: '9c2c65e1f50b3bb01a9117dcf2a1a237') in 0.011092 seconds 
========================================================================
Received Import Request.
  Time since last request: 3.607068 seconds.
  path: Assets/Prefabs/GEAR_SyringeEmpty.prefab
  artifactKey: Guid(7ed14ef8661c41f4496da8b7fce0bee2) Importer(815301076,1909f56bfc062723c751e8b465ee728b)
Start importing Assets/Prefabs/GEAR_SyringeEmpty.prefab using Guid(7ed14ef8661c41f4496da8b7fce0bee2) Importer(815301076,1909f56bfc062723c751e8b465ee728b)  -> (artifact id: '3993fc5c60ec662c6997f36984223d50') in 0.010858 seconds 
========================================================================
Received Import Request.
  Time since last request: 4.817128 seconds.
  path: Assets/Prefabs/GEAR_SyringeEmpty.prefab
  artifactKey: Guid(7ed14ef8661c41f4496da8b7fce0bee2) Importer(815301076,1909f56bfc062723c751e8b465ee728b)
Start importing Assets/Prefabs/GEAR_SyringeEmpty.prefab using Guid(7ed14ef8661c41f4496da8b7fce0bee2) Importer(815301076,1909f56bfc062723c751e8b465ee728b)  -> (artifact id: 'e9d2f190d5af90309b7439724996ed07') in 0.011348 seconds 
========================================================================
Received Import Request.
  Time since last request: 26.762666 seconds.
  path: Assets/Prefabs/GEAR_TorphineVial.prefab
  artifactKey: Guid(6962036bd36346c4db96433d78346195) Importer(815301076,1909f56bfc062723c751e8b465ee728b)
Start importing Assets/Prefabs/GEAR_TorphineVial.prefab using Guid(6962036bd36346c4db96433d78346195) Importer(815301076,1909f56bfc062723c751e8b465ee728b)  -> (artifact id: '2cf3713076f764ca5dcd81ee515922a9') in 0.012979 seconds 
========================================================================
Received Import Request.
  Time since last request: 28.913402 seconds.
  path: Assets/AddressableAssetsData/AssetGroups/Packed Assets.asset
  artifactKey: Guid(2a5d5efaa8bd0ad45a318a771062229b) Importer(815301076,1909f56bfc062723c751e8b465ee728b)
Start importing Assets/AddressableAssetsData/AssetGroups/Packed Assets.asset using Guid(2a5d5efaa8bd0ad45a318a771062229b) Importer(815301076,1909f56bfc062723c751e8b465ee728b)  -> (artifact id: '5584a514cd09027c8c9176aa8e133e39') in 0.007384 seconds 
========================================================================
Received Import Request.
  Time since last request: 5.844180 seconds.
  path: Assets/AddressableAssetsData/AssetGroups/morphine.asset
  artifactKey: Guid(2a5d5efaa8bd0ad45a318a771062229b) Importer(815301076,1909f56bfc062723c751e8b465ee728b)
Start importing Assets/AddressableAssetsData/AssetGroups/morphine.asset using Guid(2a5d5efaa8bd0ad45a318a771062229b) Importer(815301076,1909f56bfc062723c751e8b465ee728b)  -> (artifact id: '4c6d5f6a137b4302cb6a77fe16f19200') in 0.007043 seconds 
========================================================================
Received Import Request.
  Time since last request: 50.632323 seconds.
  path: Assets/Prefabs/GEAR_MorphineVial.prefab
  artifactKey: Guid(6962036bd36346c4db96433d78346195) Importer(815301076,1909f56bfc062723c751e8b465ee728b)
Start importing Assets/Prefabs/GEAR_MorphineVial.prefab using Guid(6962036bd36346c4db96433d78346195) Importer(815301076,1909f56bfc062723c751e8b465ee728b)  -> (artifact id: '46b4e563de49256347e6c1373a5303ba') in 0.012194 seconds 
========================================================================
Received Import Request.
  Time since last request: 62.054496 seconds.
  path: Assets/AddressableAssetsData/AddressableAssetSettings.asset
  artifactKey: Guid(50e7e79aa5a5ef64bbde769e8385c0a3) Importer(815301076,1909f56bfc062723c751e8b465ee728b)
Start importing Assets/AddressableAssetsData/AddressableAssetSettings.asset using Guid(50e7e79aa5a5ef64bbde769e8385c0a3) Importer(815301076,1909f56bfc062723c751e8b465ee728b)  -> (artifact id: '8a32b1ccc495cfec7312b8761538ab51') in 0.006295 seconds 
========================================================================
Received Import Request.
  Time since last request: 34.310385 seconds.
  path: Assets/AddressableAssetsData/AssetGroups/morphine.asset
  artifactKey: Guid(2a5d5efaa8bd0ad45a318a771062229b) Importer(815301076,1909f56bfc062723c751e8b465ee728b)
Start importing Assets/AddressableAssetsData/AssetGroups/morphine.asset using Guid(2a5d5efaa8bd0ad45a318a771062229b) Importer(815301076,1909f56bfc062723c751e8b465ee728b)  -> (artifact id: '890172547108b126fa2bcfe26e3fe6bb') in 0.006823 seconds 
========================================================================
Received Import Request.
  Time since last request: 539.659495 seconds.
  path: Assets/InventoryGridIcons/Ico_Gearitem__MorphineVial.png
  artifactKey: Guid(b49d6140b6366e54a838527790c74bac) Importer(815301076,1909f56bfc062723c751e8b465ee728b)
Start importing Assets/InventoryGridIcons/Ico_Gearitem__MorphineVial.png using Guid(b49d6140b6366e54a838527790c74bac) Importer(815301076,1909f56bfc062723c751e8b465ee728b)  -> (artifact id: '0eae3dc168e5c3db765c1b664dd501a3') in 0.017883 seconds 
========================================================================
Received Import Request.
  Time since last request: 42.782109 seconds.
  path: Assets/AddressableAssetsData/AssetGroups/morphine.asset
  artifactKey: Guid(2a5d5efaa8bd0ad45a318a771062229b) Importer(815301076,1909f56bfc062723c751e8b465ee728b)
Start importing Assets/AddressableAssetsData/AssetGroups/morphine.asset using Guid(2a5d5efaa8bd0ad45a318a771062229b) Importer(815301076,1909f56bfc062723c751e8b465ee728b)  -> (artifact id: '7033a67c6902b2f346845d9ad5c69e27') in 0.007369 seconds 
========================================================================
Received Import Request.
  Time since last request: 233.401961 seconds.
  path: Assets/AddressableAssetsData/AssetGroups/morphine.asset
  artifactKey: Guid(2a5d5efaa8bd0ad45a318a771062229b) Importer(815301076,1909f56bfc062723c751e8b465ee728b)
Start importing Assets/AddressableAssetsData/AssetGroups/morphine.asset using Guid(2a5d5efaa8bd0ad45a318a771062229b) Importer(815301076,1909f56bfc062723c751e8b465ee728b)  -> (artifact id: '2ae392092053b061970a2acdd254cfc5') in 0.008010 seconds 
========================================================================
Received Import Request.
  Time since last request: 1363.899996 seconds.
  path: Assets/Prefabs/GEAR_SyringeFull.prefab
  artifactKey: Guid(300057eeaeadd2b498423ebd76b66868) Importer(815301076,1909f56bfc062723c751e8b465ee728b)
Start importing Assets/Prefabs/GEAR_SyringeFull.prefab using Guid(300057eeaeadd2b498423ebd76b66868) Importer(815301076,1909f56bfc062723c751e8b465ee728b)  -> (artifact id: '7ec45e39e36bbc36382903e835407fb4') in 0.013084 seconds 
========================================================================
Received Import Request.
  Time since last request: 5.005299 seconds.
  path: Assets/Prefabs/GEAR_SyringeFull.prefab
  artifactKey: Guid(300057eeaeadd2b498423ebd76b66868) Importer(815301076,1909f56bfc062723c751e8b465ee728b)
Start importing Assets/Prefabs/GEAR_SyringeFull.prefab using Guid(300057eeaeadd2b498423ebd76b66868) Importer(815301076,1909f56bfc062723c751e8b465ee728b)  -> (artifact id: '97abfd4c67004879e0a0a1a5e0c17530') in 0.010503 seconds 
========================================================================
Received Import Request.
  Time since last request: 2.198983 seconds.
  path: Assets/Prefabs/GEAR_SyringeFull.prefab
  artifactKey: Guid(300057eeaeadd2b498423ebd76b66868) Importer(815301076,1909f56bfc062723c751e8b465ee728b)
Start importing Assets/Prefabs/GEAR_SyringeFull.prefab using Guid(300057eeaeadd2b498423ebd76b66868) Importer(815301076,1909f56bfc062723c751e8b465ee728b)  -> (artifact id: 'dfe084e0672186117a32535ebe8e05a8') in 0.010677 seconds 
========================================================================
Received Import Request.
  Time since last request: 3.418671 seconds.
  path: Assets/Prefabs/GEAR_SyringeFull.prefab
  artifactKey: Guid(300057eeaeadd2b498423ebd76b66868) Importer(815301076,1909f56bfc062723c751e8b465ee728b)
Start importing Assets/Prefabs/GEAR_SyringeFull.prefab using Guid(300057eeaeadd2b498423ebd76b66868) Importer(815301076,1909f56bfc062723c751e8b465ee728b)  -> (artifact id: '874b783ac2301434836d2b6b0b49686e') in 0.010943 seconds 
========================================================================
Received Import Request.
  Time since last request: 2.626695 seconds.
  path: Assets/Prefabs/GEAR_SyringeFull.prefab
  artifactKey: Guid(300057eeaeadd2b498423ebd76b66868) Importer(815301076,1909f56bfc062723c751e8b465ee728b)
Start importing Assets/Prefabs/GEAR_SyringeFull.prefab using Guid(300057eeaeadd2b498423ebd76b66868) Importer(815301076,1909f56bfc062723c751e8b465ee728b)  -> (artifact id: '15638ba7b4640f3ab01c812d8443ebbd') in 0.010560 seconds 
========================================================================
Received Import Request.
  Time since last request: 4.821846 seconds.
  path: Assets/Prefabs/GEAR_SyringeFull.prefab
  artifactKey: Guid(300057eeaeadd2b498423ebd76b66868) Importer(815301076,1909f56bfc062723c751e8b465ee728b)
Start importing Assets/Prefabs/GEAR_SyringeFull.prefab using Guid(300057eeaeadd2b498423ebd76b66868) Importer(815301076,1909f56bfc062723c751e8b465ee728b)  -> (artifact id: 'd16344dc89fb9fc783daa4b1e672c7fe') in 0.010739 seconds 
========================================================================
Received Import Request.
  Time since last request: 3.222790 seconds.
  path: Assets/Prefabs/GEAR_SyringeFull.prefab
  artifactKey: Guid(300057eeaeadd2b498423ebd76b66868) Importer(815301076,1909f56bfc062723c751e8b465ee728b)
Start importing Assets/Prefabs/GEAR_SyringeFull.prefab using Guid(300057eeaeadd2b498423ebd76b66868) Importer(815301076,1909f56bfc062723c751e8b465ee728b)  -> (artifact id: 'ccf18807a95f6e5e450d2b85accf1e89') in 0.010275 seconds 
========================================================================
Received Import Request.
  Time since last request: 2.179878 seconds.
  path: Assets/Prefabs/GEAR_SyringeFull.prefab
  artifactKey: Guid(300057eeaeadd2b498423ebd76b66868) Importer(815301076,1909f56bfc062723c751e8b465ee728b)
Start importing Assets/Prefabs/GEAR_SyringeFull.prefab using Guid(300057eeaeadd2b498423ebd76b66868) Importer(815301076,1909f56bfc062723c751e8b465ee728b)  -> (artifact id: '0ff3fe7b12781d784dc4c474649c6ac3') in 0.011885 seconds 
========================================================================
Received Import Request.
  Time since last request: 5.837107 seconds.
  path: Assets/Prefabs/GEAR_SyringeEmpty.prefab
  artifactKey: Guid(7ed14ef8661c41f4496da8b7fce0bee2) Importer(815301076,1909f56bfc062723c751e8b465ee728b)
Start importing Assets/Prefabs/GEAR_SyringeEmpty.prefab using Guid(7ed14ef8661c41f4496da8b7fce0bee2) Importer(815301076,1909f56bfc062723c751e8b465ee728b)  -> (artifact id: 'edfaecd87c065eb559798c4e594f4e82') in 0.012201 seconds 
========================================================================
Received Import Request.
  Time since last request: 2.589957 seconds.
  path: Assets/Prefabs/GEAR_SyringeEmpty.prefab
  artifactKey: Guid(7ed14ef8661c41f4496da8b7fce0bee2) Importer(815301076,1909f56bfc062723c751e8b465ee728b)
Start importing Assets/Prefabs/GEAR_SyringeEmpty.prefab using Guid(7ed14ef8661c41f4496da8b7fce0bee2) Importer(815301076,1909f56bfc062723c751e8b465ee728b)  -> (artifact id: 'b93ce1a37cdcccf7443088cd13bf849a') in 0.010653 seconds 
========================================================================
Received Import Request.
  Time since last request: 2.217816 seconds.
  path: Assets/Prefabs/GEAR_SyringeEmpty.prefab
  artifactKey: Guid(7ed14ef8661c41f4496da8b7fce0bee2) Importer(815301076,1909f56bfc062723c751e8b465ee728b)
Start importing Assets/Prefabs/GEAR_SyringeEmpty.prefab using Guid(7ed14ef8661c41f4496da8b7fce0bee2) Importer(815301076,1909f56bfc062723c751e8b465ee728b)  -> (artifact id: 'd480d12faa987e71401d272b328120a6') in 0.013465 seconds 
========================================================================
Received Import Request.
  Time since last request: 4.231059 seconds.
  path: Assets/Prefabs/GEAR_TorphineVial.prefab
  artifactKey: Guid(6962036bd36346c4db96433d78346195) Importer(815301076,1909f56bfc062723c751e8b465ee728b)
Start importing Assets/Prefabs/GEAR_TorphineVial.prefab using Guid(6962036bd36346c4db96433d78346195) Importer(815301076,1909f56bfc062723c751e8b465ee728b)  -> (artifact id: '8c19e44af5e5007b22c54593a7af5238') in 0.011091 seconds 
